E:\WORKSPACE\FISHTANKVR\DEBUG\DEPTHESTIMATOR.DLL
E:\Workspace\FishTankVR\Debug\DepthEstimator.exp
E:\WORKSPACE\FISHTANKVR\DEBUG\DEPTHESTIMATOR.ILK
E:\Workspace\FishTankVR\Debug\DepthEstimator.lib
E:\WORKSPACE\FISHTANKVR\DEBUG\DEPTHESTIMATOR.PDB
E:\Workspace\FishTankVR\HEstimator\Debug\cl.command.1.tlog
E:\Workspace\FishTankVR\HEstimator\Debug\CL.read.1.tlog
E:\Workspace\FishTankVR\HEstimator\Debug\CL.write.1.tlog
E:\WORKSPACE\FISHTANKVR\HESTIMATOR\DEBUG\DEPTHESTIMATOR.DLL.EMBED.MANIFEST
E:\WORKSPACE\FISHTANKVR\HESTIMATOR\DEBUG\DEPTHESTIMATOR.DLL.EMBED.MANIFEST.RES
E:\WORKSPACE\FISHTANKVR\HESTIMATOR\DEBUG\DEPTHESTIMATOR.DLL.INTERMEDIATE.MANIFEST
E:\WORKSPACE\FISHTANKVR\HESTIMATOR\DEBUG\DEPTHESTIMATOR.OBJ
E:\Workspace\FishTankVR\HEstimator\Debug\DepthEstimator.write.1.tlog
E:\Workspace\FishTankVR\HEstimator\Debug\DepthEstimator_manifest.rc
E:\Workspace\FishTankVR\HEstimator\Debug\link.6148.read.1.tlog
E:\Workspace\FishTankVR\HEstimator\Debug\link.6148.write.1.tlog
E:\Workspace\FishTankVR\HEstimator\Debug\link.6148-cvtres.read.1.tlog
E:\Workspace\FishTankVR\HEstimator\Debug\link.6148-cvtres.write.1.tlog
E:\Workspace\FishTankVR\HEstimator\Debug\link.command.1.tlog
E:\Workspace\FishTankVR\HEstimator\Debug\link.read.1.tlog
E:\Workspace\FishTankVR\HEstimator\Debug\link.write.1.tlog
E:\Workspace\FishTankVR\HEstimator\Debug\link-cvtres.read.1.tlog
E:\Workspace\FishTankVR\HEstimator\Debug\link-cvtres.write.1.tlog
E:\Workspace\FishTankVR\HEstimator\Debug\mt.command.1.tlog
E:\Workspace\FishTankVR\HEstimator\Debug\mt.read.1.tlog
E:\Workspace\FishTankVR\HEstimator\Debug\mt.write.1.tlog
E:\Workspace\FishTankVR\HEstimator\Debug\rc.command.1.tlog
E:\Workspace\FishTankVR\HEstimator\Debug\rc.read.1.tlog
E:\Workspace\FishTankVR\HEstimator\Debug\rc.write.1.tlog
E:\Workspace\FishTankVR\HEstimator\Debug\vc100.idb
E:\WORKSPACE\FISHTANKVR\HESTIMATOR\DEBUG\VC100.PDB
