Build started 04/03/2013 16:35:21.
     1>Project "E:\Workspace\FishTankVR\HEstimator\HEstimator.vcxproj" on node 4 (rebuild target(s)).
     1>_PrepareForClean:
         Deleting file "Debug\DepthEstimator.lastbuildstate".
       InitializeBuildStatus:
         Creating "Debug\DepthEstimator.unsuccessfulbuild" because "AlwaysCreate" was specified.
       ClCompile:
         C:\Program Files (x86)\Microsoft Visual Studio 10.0\VC\bin\CL.exe /c /ZI /nologo /W3 /WX- /Od /Oy- /D WIN32 /D _DEBUG /D _WINDOWS /D _USRDLL /D HESTIMATOR_EXPORTS /D _WINDLL /D _UNICODE /D UNICODE /Gm /EHsc /RTC1 /MDd /GS /fp:precise /Zc:wchar_t /Zc:forScope /Fo"Debug\\" /Fd"Debug\vc100.pdb" /Gd /TP /analyze- /errorReport:prompt DepthEstimator.cpp
         DepthEstimator.cpp
     1>e:\workspace\fishtankvr\hestimator\depthestimator.cpp(6): warning C4273: 'depthEstimator' : inconsistent dll linkage
                 e:\workspace\fishtankvr\hestimator\depthestimator.h(13) : see previous definition of 'depthEstimator'
       ManifestResourceCompile:
         C:\Program Files (x86)\Microsoft SDKs\Windows\v7.0A\bin\rc.exe /nologo /fo"Debug\DepthEstimator.dll.embed.manifest.res" Debug\DepthEstimator_manifest.rc 
       Link:
         C:\Program Files (x86)\Microsoft Visual Studio 10.0\VC\bin\link.exe /ERRORREPORT:PROMPT /OUT:"E:\Workspace\FishTankVR\Debug\DepthEstimator.dll" /INCREMENTAL /NOLOGO kernel32.lib user32.lib gdi32.lib winspool.lib comdlg32.lib advapi32.lib shell32.lib ole32.lib oleaut32.lib uuid.lib odbc32.lib odbccp32.lib /MANIFEST /ManifestFile:"Debug\DepthEstimator.dll.intermediate.manifest" /MANIFESTUAC:"level='asInvoker' uiAccess='false'" /DEBUG /PDB:"E:\Workspace\FishTankVR\Debug\DepthEstimator.pdb" /SUBSYSTEM:WINDOWS /TLBID:1 /DYNAMICBASE /NXCOMPAT /IMPLIB:"E:\Workspace\FishTankVR\Debug\DepthEstimator.lib" /MACHINE:X86 /DLL Debug\DepthEstimator.dll.embed.manifest.res
         Debug\DepthEstimator.obj
            Creating library E:\Workspace\FishTankVR\Debug\DepthEstimator.lib and object E:\Workspace\FishTankVR\Debug\DepthEstimator.exp
       Manifest:
         Deleting file "Debug\DepthEstimator.dll.embed.manifest".
         C:\Program Files (x86)\Microsoft SDKs\Windows\v7.0A\bin\mt.exe /nologo /verbose /out:"Debug\DepthEstimator.dll.embed.manifest" /manifest Debug\DepthEstimator.dll.intermediate.manifest
         C:\Program Files (x86)\Microsoft SDKs\Windows\v7.0A\bin\rc.exe /nologo /fo"Debug\DepthEstimator.dll.embed.manifest.res" Debug\DepthEstimator_manifest.rc 
       LinkEmbedManifest:
         C:\Program Files (x86)\Microsoft Visual Studio 10.0\VC\bin\link.exe /ERRORREPORT:PROMPT /OUT:"E:\Workspace\FishTankVR\Debug\DepthEstimator.dll" /INCREMENTAL /NOLOGO kernel32.lib user32.lib gdi32.lib winspool.lib comdlg32.lib advapi32.lib shell32.lib ole32.lib oleaut32.lib uuid.lib odbc32.lib odbccp32.lib /MANIFEST /ManifestFile:"Debug\DepthEstimator.dll.intermediate.manifest" /MANIFESTUAC:"level='asInvoker' uiAccess='false'" /DEBUG /PDB:"E:\Workspace\FishTankVR\Debug\DepthEstimator.pdb" /SUBSYSTEM:WINDOWS /TLBID:1 /DYNAMICBASE /NXCOMPAT /IMPLIB:"E:\Workspace\FishTankVR\Debug\DepthEstimator.lib" /MACHINE:X86 /DLL Debug\DepthEstimator.dll.embed.manifest.res
         Debug\DepthEstimator.obj
            Creating library E:\Workspace\FishTankVR\Debug\DepthEstimator.lib and object E:\Workspace\FishTankVR\Debug\DepthEstimator.exp
         HEstimator.vcxproj -> E:\Workspace\FishTankVR\Debug\DepthEstimator.dll
       FinalizeBuildStatus:
         Deleting file "Debug\DepthEstimator.unsuccessfulbuild".
         Touching "Debug\DepthEstimator.lastbuildstate".
     1>Done Building Project "E:\Workspace\FishTankVR\HEstimator\HEstimator.vcxproj" (rebuild target(s)).

Build succeeded.

Time Elapsed 00:00:01.07
