E:\WORKSPACE\FISHTANKVR\PREDATOR\RELEASE\BB.OBJ
E:\WORKSPACE\FISHTANKVR\PREDATOR\RELEASE\BB_PREDICT.OBJ
E:\WORKSPACE\FISHTANKVR\PREDATOR\RELEASE\BOUNDINGBOX.OBJ
E:\Workspace\FishTankVR\Predator\Release\cl.command.1.tlog
E:\Workspace\FishTankVR\Predator\Release\CL.read.1.tlog
E:\Workspace\FishTankVR\Predator\Release\CL.write.1.tlog
E:\WORKSPACE\FISHTANKVR\PREDATOR\RELEASE\CLUSTERER.OBJ
E:\WORKSPACE\FISHTANKVR\PREDATOR\RELEASE\DETECTOR.OBJ
E:\WORKSPACE\FISHTANKVR\PREDATOR\RELEASE\DISJOINTSET.OBJ
E:\WORKSPACE\FISHTANKVR\PREDATOR\RELEASE\FBTRACK.OBJ
E:\WORKSPACE\FISHTANKVR\PREDATOR\RELEASE\FEATURE.OBJ
E:\WORKSPACE\FISHTANKVR\PREDATOR\RELEASE\FERN.OBJ
E:\WORKSPACE\FISHTANKVR\PREDATOR\RELEASE\FFCLASSIFIER.OBJ
E:\Workspace\FishTankVR\Predator\Release\link.command.1.tlog
E:\Workspace\FishTankVR\Predator\Release\link.read.1.tlog
E:\Workspace\FishTankVR\Predator\Release\link.write.1.tlog
E:\WORKSPACE\FISHTANKVR\PREDATOR\RELEASE\LK.OBJ
E:\WORKSPACE\FISHTANKVR\PREDATOR\RELEASE\MEDIAN.OBJ
E:\WORKSPACE\FISHTANKVR\PREDATOR\RELEASE\MEDIANFLOWTRACKER.OBJ
E:\Workspace\FishTankVR\Predator\Release\mt.command.1.tlog
E:\Workspace\FishTankVR\Predator\Release\mt.read.1.tlog
E:\Workspace\FishTankVR\Predator\Release\mt.write.1.tlog
E:\WORKSPACE\FISHTANKVR\PREDATOR\RELEASE\NNCLASSIFIER.OBJ
E:\WORKSPACE\FISHTANKVR\PREDATOR\RELEASE\NORMALIZEDPATCH.OBJ
E:\WORKSPACE\FISHTANKVR\PREDATOR\RELEASE\PARAMS.OBJ
E:\WORKSPACE\FISHTANKVR\PREDATOR\RELEASE\PREDATOR.DLL.INTERMEDIATE.MANIFEST
E:\WORKSPACE\FISHTANKVR\PREDATOR\RELEASE\PREDATOR.OBJ
E:\Workspace\FishTankVR\Predator\Release\Predator.write.1.tlog
E:\WORKSPACE\FISHTANKVR\PREDATOR\RELEASE\TLD_UTIL.OBJ
E:\WORKSPACE\FISHTANKVR\PREDATOR\RELEASE\TWOBITBP.OBJ
E:\WORKSPACE\FISHTANKVR\PREDATOR\RELEASE\VC100.PDB
E:\WORKSPACE\FISHTANKVR\PREDATOR\RELEASE\VECTOR3.OBJ
E:\WORKSPACE\FISHTANKVR\RELEASE\PREDATOR.DLL
E:\Workspace\FishTankVR\Release\Predator.exp
E:\Workspace\FishTankVR\Release\Predator.lib
E:\WORKSPACE\FISHTANKVR\RELEASE\PREDATOR.PDB
