E:\WORKSPACE\FISHTANKVR\DEBUG\PREDATOR.DLL
E:\Workspace\FishTankVR\Debug\Predator.exp
E:\WORKSPACE\FISHTANKVR\DEBUG\PREDATOR.ILK
E:\Workspace\FishTankVR\Debug\Predator.lib
E:\WORKSPACE\FISHTANKVR\DEBUG\PREDATOR.PDB
E:\WORKSPACE\FISHTANKVR\PREDATOR\DEBUG\BB.OBJ
E:\WORKSPACE\FISHTANKVR\PREDATOR\DEBUG\BB_PREDICT.OBJ
E:\WORKSPACE\FISHTANKVR\PREDATOR\DEBUG\BOUNDINGBOX.OBJ
E:\Workspace\FishTankVR\Predator\Debug\cl.command.1.tlog
E:\Workspace\FishTankVR\Predator\Debug\CL.read.1.tlog
E:\Workspace\FishTankVR\Predator\Debug\CL.write.1.tlog
E:\WORKSPACE\FISHTANKVR\PREDATOR\DEBUG\CLUSTERER.OBJ
E:\WORKSPACE\FISHTANKVR\PREDATOR\DEBUG\DETECTOR.OBJ
E:\WORKSPACE\FISHTANKVR\PREDATOR\DEBUG\DISJOINTSET.OBJ
E:\WORKSPACE\FISHTANKVR\PREDATOR\DEBUG\FBTRACK.OBJ
E:\WORKSPACE\FISHTANKVR\PREDATOR\DEBUG\FEATURE.OBJ
E:\WORKSPACE\FISHTANKVR\PREDATOR\DEBUG\FERN.OBJ
E:\WORKSPACE\FISHTANKVR\PREDATOR\DEBUG\FFCLASSIFIER.OBJ
E:\Workspace\FishTankVR\Predator\Debug\link.3848.read.1.tlog
E:\Workspace\FishTankVR\Predator\Debug\link.3848.write.1.tlog
E:\Workspace\FishTankVR\Predator\Debug\link.3848-cvtres.read.1.tlog
E:\Workspace\FishTankVR\Predator\Debug\link.3848-cvtres.write.1.tlog
E:\Workspace\FishTankVR\Predator\Debug\link.452.read.1.tlog
E:\Workspace\FishTankVR\Predator\Debug\link.452.write.1.tlog
E:\Workspace\FishTankVR\Predator\Debug\link.452-cvtres.read.1.tlog
E:\Workspace\FishTankVR\Predator\Debug\link.452-cvtres.write.1.tlog
E:\Workspace\FishTankVR\Predator\Debug\link.command.1.tlog
E:\Workspace\FishTankVR\Predator\Debug\link.read.1.tlog
E:\Workspace\FishTankVR\Predator\Debug\link.write.1.tlog
E:\Workspace\FishTankVR\Predator\Debug\link-cvtres.read.1.tlog
E:\Workspace\FishTankVR\Predator\Debug\link-cvtres.write.1.tlog
E:\WORKSPACE\FISHTANKVR\PREDATOR\DEBUG\LK.OBJ
E:\WORKSPACE\FISHTANKVR\PREDATOR\DEBUG\MEDIAN.OBJ
E:\WORKSPACE\FISHTANKVR\PREDATOR\DEBUG\MEDIANFLOWTRACKER.OBJ
E:\Workspace\FishTankVR\Predator\Debug\mt.command.1.tlog
E:\Workspace\FishTankVR\Predator\Debug\mt.read.1.tlog
E:\Workspace\FishTankVR\Predator\Debug\mt.write.1.tlog
E:\WORKSPACE\FISHTANKVR\PREDATOR\DEBUG\NNCLASSIFIER.OBJ
E:\WORKSPACE\FISHTANKVR\PREDATOR\DEBUG\NORMALIZEDPATCH.OBJ
E:\WORKSPACE\FISHTANKVR\PREDATOR\DEBUG\PARAMS.OBJ
E:\WORKSPACE\FISHTANKVR\PREDATOR\DEBUG\PREDATOR.DLL.EMBED.MANIFEST
E:\WORKSPACE\FISHTANKVR\PREDATOR\DEBUG\PREDATOR.DLL.EMBED.MANIFEST.RES
E:\WORKSPACE\FISHTANKVR\PREDATOR\DEBUG\PREDATOR.DLL.INTERMEDIATE.MANIFEST
E:\WORKSPACE\FISHTANKVR\PREDATOR\DEBUG\PREDATOR.OBJ
E:\Workspace\FishTankVR\Predator\Debug\Predator.vcxprojResolveAssemblyReference.cache
E:\Workspace\FishTankVR\Predator\Debug\Predator.write.1.tlog
E:\Workspace\FishTankVR\Predator\Debug\Predator_manifest.rc
E:\Workspace\FishTankVR\Predator\Debug\rc.command.1.tlog
E:\Workspace\FishTankVR\Predator\Debug\rc.read.1.tlog
E:\Workspace\FishTankVR\Predator\Debug\rc.write.1.tlog
E:\WORKSPACE\FISHTANKVR\PREDATOR\DEBUG\TLD_UTIL.OBJ
E:\WORKSPACE\FISHTANKVR\PREDATOR\DEBUG\TWOBITBP.OBJ
E:\Workspace\FishTankVR\Predator\Debug\vc100.idb
E:\WORKSPACE\FISHTANKVR\PREDATOR\DEBUG\VC100.PDB
E:\WORKSPACE\FISHTANKVR\PREDATOR\DEBUG\VECTOR3.OBJ
