E:\WORKSPACE\FISHTANKVR\DEBUG\FTVR.DLL
E:\Workspace\FishTankVR\Debug\FTVR.exp
E:\WORKSPACE\FISHTANKVR\DEBUG\FTVR.ILK
E:\Workspace\FishTankVR\Debug\FTVR.lib
E:\WORKSPACE\FISHTANKVR\DEBUG\FTVR.PDB
E:\Workspace\FishTankVR\FTVR\Debug\cl.command.1.tlog
E:\Workspace\FishTankVR\FTVR\Debug\CL.read.1.tlog
E:\Workspace\FishTankVR\FTVR\Debug\CL.write.1.tlog
E:\WORKSPACE\FISHTANKVR\FTVR\DEBUG\FISHTANK.OBJ
E:\WORKSPACE\FISHTANKVR\FTVR\DEBUG\FTVR.DLL.EMBED.MANIFEST
E:\WORKSPACE\FISHTANKVR\FTVR\DEBUG\FTVR.DLL.EMBED.MANIFEST.RES
E:\WORKSPACE\FISHTANKVR\FTVR\DEBUG\FTVR.DLL.INTERMEDIATE.MANIFEST
E:\Workspace\FishTankVR\FTVR\Debug\FTVR.vcxprojResolveAssemblyReference.cache
E:\Workspace\FishTankVR\FTVR\Debug\FTVR.write.1.tlog
E:\Workspace\FishTankVR\FTVR\Debug\FTVR_manifest.rc
E:\Workspace\FishTankVR\FTVR\Debug\link.6296.read.1.tlog
E:\Workspace\FishTankVR\FTVR\Debug\link.6296.write.1.tlog
E:\Workspace\FishTankVR\FTVR\Debug\link.6296-cvtres.read.1.tlog
E:\Workspace\FishTankVR\FTVR\Debug\link.6296-cvtres.write.1.tlog
E:\Workspace\FishTankVR\FTVR\Debug\link.command.1.tlog
E:\Workspace\FishTankVR\FTVR\Debug\link.read.1.tlog
E:\Workspace\FishTankVR\FTVR\Debug\link.write.1.tlog
E:\Workspace\FishTankVR\FTVR\Debug\link-cvtres.read.1.tlog
E:\Workspace\FishTankVR\FTVR\Debug\link-cvtres.write.1.tlog
E:\WORKSPACE\FISHTANKVR\FTVR\DEBUG\MATRICES.OBJ
E:\Workspace\FishTankVR\FTVR\Debug\mt.command.1.tlog
E:\Workspace\FishTankVR\FTVR\Debug\mt.read.1.tlog
E:\Workspace\FishTankVR\FTVR\Debug\mt.write.1.tlog
E:\Workspace\FishTankVR\FTVR\Debug\rc.command.1.tlog
E:\Workspace\FishTankVR\FTVR\Debug\rc.read.1.tlog
E:\Workspace\FishTankVR\FTVR\Debug\rc.write.1.tlog
E:\Workspace\FishTankVR\FTVR\Debug\vc100.idb
E:\WORKSPACE\FISHTANKVR\FTVR\DEBUG\VC100.PDB
